<?xml version="1.0" encoding="utf-8"?><testsuites name="pytest tests"><testsuite name="pytest" errors="0" failures="0" skipped="0" tests="6" time="0.777" timestamp="2026-06-17T17:07:54.498990+00:00" hostname="agent-env-603bf147-d77a-448e-8edb-5d25829567c0"><testcase classname="backend.tests.test_applications" name="test_api_root" time="0.277" /><testcase classname="backend.tests.test_applications" name="test_create_application_success" time="0.107" /><testcase classname="backend.tests.test_applications" name="test_create_application_minimal_required" time="0.049" /><testcase classname="backend.tests.test_applications" name="test_create_application_invalid_email" time="0.055" /><testcase classname="backend.tests.test_applications" name="test_create_application_missing_required_fields" time="0.045" /><testcase classname="backend.tests.test_applications" name="test_list_applications_returns_list" time="0.046" /></testsuite></testsuites>